[2026-04-05T16:45:08+0100] ERROR app=payments-service env=production msg="database connection timeout after 30s"
[2026-04-05T16:45:10+0100] ERROR app=payments-service env=production msg="SSL certificate verification failed for internal-api.svc"
[2026-04-05T16:45:16+0100] WARN app=payments-service env=production msg="null pointer dereference in OrderService.process()"
[2026-04-05T16:45:20+0100] ERROR app=payments-service env=production msg="upstream service payments-svc returned 503"
[2026-04-05T16:45:21+0100] ERROR app=payments-service env=production msg="null pointer dereference in OrderService.process()"
[2026-04-05T16:45:23+0100] CRITICAL app=payments-service env=production msg="null pointer dereference in OrderService.process()"
[2026-04-05T16:45:34+0100] WARN app=payments-service env=production msg="failed to acquire lock on resource /api/payments"
[2026-04-05T16:45:35+0100] ERROR app=payments-service env=production msg="memory allocation failed: heap exhausted"
[2026-04-05T16:45:39+0100] ERROR app=payments-service env=production msg="database connection timeout after 30s"
[2026-04-05T16:45:41+0100] ERROR app=payments-service env=production msg="null pointer dereference in OrderService.process()"
[2026-04-05T16:45:42+0100] ERROR app=payments-service env=production msg="upstream service payments-svc returned 503"
[2026-04-05T16:45:49+0100] ERROR app=payments-service env=production msg="memory allocation failed: heap exhausted"
[2026-04-05T16:45:53+0100] WARN app=payments-service env=production msg="memory allocation failed: heap exhausted"
[2026-04-05T16:45:56+0100] ERROR app=payments-service env=production msg="null pointer dereference in OrderService.process()"
[2026-04-05T16:45:58+0100] CRITICAL app=payments-service env=production msg="upstream service payments-svc returned 503"
[2026-04-05T16:46:02+0100] CRITICAL app=payments-service env=production msg="database connection timeout after 30s"
[2026-04-05T16:46:11+0100] ERROR app=payments-service env=production msg="SSL certificate verification failed for internal-api.svc"
[2026-04-05T16:46:18+0100] CRITICAL app=payments-service env=production msg="database connection timeout after 30s"
[2026-04-05T16:46:20+0100] CRITICAL app=payments-service env=production msg="upstream service payments-svc returned 503"
[2026-04-05T16:46:22+0100] WARN app=payments-service env=production msg="memory allocation failed: heap exhausted"
[2026-04-05T16:46:28+0100] ERROR app=payments-service env=production msg="memory allocation failed: heap exhausted"
[2026-04-05T16:46:42+0100] ERROR app=payments-service env=production msg="SSL certificate verification failed for internal-api.svc"
[2026-04-05T16:46:49+0100] ERROR app=payments-service env=production msg="upstream service payments-svc returned 503"
[2026-04-05T16:46:51+0100] ERROR app=payments-service env=production msg="database connection timeout after 30s"
[2026-04-05T16:46:52+0100] CRITICAL app=payments-service env=production msg="null pointer dereference in OrderService.process()"
[2026-04-05T16:47:02+0100] ERROR app=payments-service env=production msg="memory allocation failed: heap exhausted"
[2026-04-05T16:47:05+0100] ERROR app=payments-service env=production msg="memory allocation failed: heap exhausted"
[2026-04-05T16:47:07+0100] CRITICAL app=payments-service env=production msg="upstream service payments-svc returned 503"
[2026-04-05T16:47:11+0100] ERROR app=payments-service env=production msg="null pointer dereference in OrderService.process()"
[2026-04-05T16:47:13+0100] ERROR app=payments-service env=production msg="null pointer dereference in OrderService.process()"
[2026-04-05T16:47:17+0100] ERROR app=payments-service env=production msg="null pointer dereference in OrderService.process()"
[2026-04-05T16:47:19+0100] ERROR app=payments-service env=production msg="failed to acquire lock on resource /api/payments"
[2026-04-05T16:47:22+0100] CRITICAL app=payments-service env=production msg="SSL certificate verification failed for internal-api.svc"
[2026-04-05T16:47:23+0100] ERROR app=payments-service env=production msg="upstream service payments-svc returned 503"
[2026-04-05T16:47:29+0100] ERROR app=payments-service env=production msg="SSL certificate verification failed for internal-api.svc"
[2026-04-05T16:47:31+0100] WARN app=payments-service env=production msg="memory allocation failed: heap exhausted"
[2026-04-05T16:47:34+0100] WARN app=payments-service env=production msg="upstream service payments-svc returned 503"
[2026-04-05T16:47:48+0100] WARN app=payments-service env=production msg="upstream service payments-svc returned 503"
[2026-04-05T16:47:49+0100] ERROR app=payments-service env=production msg="memory allocation failed: heap exhausted"
[2026-04-05T16:47:54+0100] CRITICAL app=payments-service env=production msg="failed to acquire lock on resource /api/payments"
[2026-04-05T16:48:01+0100] WARN app=payments-service env=production msg="upstream service payments-svc returned 503"
[2026-04-05T16:48:02+0100] WARN app=payments-service env=production msg="database connection timeout after 30s"
[2026-04-05T16:48:03+0100] CRITICAL app=payments-service env=production msg="null pointer dereference in OrderService.process()"
[2026-04-05T16:48:05+0100] CRITICAL app=payments-service env=production msg="failed to acquire lock on resource /api/payments"
[2026-04-05T16:48:06+0100] WARN app=payments-service env=production msg="upstream service payments-svc returned 503"
[2026-04-05T16:48:08+0100] CRITICAL app=payments-service env=production msg="failed to acquire lock on resource /api/payments"
[2026-04-05T16:48:10+0100] ERROR app=payments-service env=production msg="database connection timeout after 30s"
[2026-04-05T16:48:13+0100] ERROR app=payments-service env=production msg="null pointer dereference in OrderService.process()"
[2026-04-05T16:48:14+0100] ERROR app=payments-service env=production msg="memory allocation failed: heap exhausted"
[2026-04-05T16:48:19+0100] CRITICAL app=payments-service env=production msg="SSL certificate verification failed for internal-api.svc"
[2026-04-05T16:48:22+0100] ERROR app=payments-service env=production msg="null pointer dereference in OrderService.process()"
[2026-04-05T16:48:25+0100] ERROR app=payments-service env=production msg="null pointer dereference in OrderService.process()"
[2026-04-05T16:48:31+0100] ERROR app=payments-service env=production msg="failed to acquire lock on resource /api/payments"
[2026-04-05T16:48:39+0100] CRITICAL app=payments-service env=production msg="memory allocation failed: heap exhausted"
[2026-04-05T16:48:40+0100] CRITICAL app=payments-service env=production msg="memory allocation failed: heap exhausted"
[2026-04-05T16:48:41+0100] ERROR app=payments-service env=production msg="memory allocation failed: heap exhausted"
[2026-04-05T16:48:43+0100] ERROR app=payments-service env=production msg="memory allocation failed: heap exhausted"
[2026-04-05T16:48:44+0100] ERROR app=payments-service env=production msg="failed to acquire lock on resource /api/payments"
[2026-04-05T16:48:48+0100] ERROR app=payments-service env=production msg="null pointer dereference in OrderService.process()"
[2026-04-05T16:48:51+0100] WARN app=payments-service env=production msg="null pointer dereference in OrderService.process()"
[2026-04-05T16:48:52+0100] ERROR app=payments-service env=production msg="SSL certificate verification failed for internal-api.svc"
[2026-04-05T16:49:02+0100] ERROR app=payments-service env=production msg="null pointer dereference in OrderService.process()"
[2026-04-05T16:49:04+0100] WARN app=payments-service env=production msg="SSL certificate verification failed for internal-api.svc"
[2026-04-05T16:49:09+0100] ERROR app=payments-service env=production msg="memory allocation failed: heap exhausted"
[2026-04-05T16:49:10+0100] ERROR app=payments-service env=production msg="null pointer dereference in OrderService.process()"
[2026-04-05T16:49:11+0100] ERROR app=payments-service env=production msg="database connection timeout after 30s"
